<?xml version="1.0" encoding="UTF-8"?>
<testng-results ignored="0" total="3" passed="3" failed="0" skipped="0">
  <reporter-output>
  </reporter-output>
  <suite started-at="2024-04-24T16:23:15 IST" name="Default suite" finished-at="2024-04-24T16:23:36 IST" duration-ms="20324">
    <groups>
      <group name="cucumber">
        <method signature="AbstractTestNGCucumberTests.runScenario(io.cucumber.testng.PickleWrapper,io.cucumber.testng.FeatureWrapper)[pri:0, instance:Runner.VegetableRunner@1ce24091]" name="runScenario" class="io.cucumber.testng.AbstractTestNGCucumberTests"/>
      </group> <!-- cucumber -->
    </groups>
    <test started-at="2024-04-24T16:23:15 IST" name="Default test" finished-at="2024-04-24T16:23:36 IST" duration-ms="20324">
      <class name="Runner.VegetableRunner">
        <test-method is-config="true" signature="setUpClass(org.testng.ITestContext)[pri:0, instance:Runner.VegetableRunner@1ce24091]" started-at="2024-04-24T16:23:15 IST" name="setUpClass" finished-at="2024-04-24T16:23:16 IST" duration-ms="883" status="PASS">
          <params>
            <param index="0">
              <value>
                <![CDATA[org.testng.TestRunner@6a638c79]]>
              </value>
            </param>
          </params>
          <reporter-output>
          </reporter-output>
        </test-method> <!-- setUpClass -->
        <test-method signature="runScenario(io.cucumber.testng.PickleWrapper,io.cucumber.testng.FeatureWrapper)[pri:0, instance:Runner.VegetableRunner@1ce24091]" started-at="2024-04-24T16:23:16 IST" name="runScenario" description="Runs Cucumber Scenarios" data-provider="scenarios" finished-at="2024-04-24T16:23:23 IST" duration-ms="7047" status="PASS">
          <params>
            <param index="0">
              <value>
                <![CDATA["Search experience for product search in both home and offer page"]]>
              </value>
            </param>
            <param index="1">
              <value>
                <![CDATA["Search and place order for product"]]>
              </value>
            </param>
          </params>
          <reporter-output>
          </reporter-output>
        </test-method> <!-- runScenario -->
        <test-method signature="runScenario(io.cucumber.testng.PickleWrapper,io.cucumber.testng.FeatureWrapper)[pri:0, instance:Runner.VegetableRunner@1ce24091]" started-at="2024-04-24T16:23:23 IST" name="runScenario" description="Runs Cucumber Scenarios" data-provider="scenarios" finished-at="2024-04-24T16:23:29 IST" duration-ms="5843" status="PASS">
          <params>
            <param index="0">
              <value>
                <![CDATA["Search experience for product search in both home and offer page"]]>
              </value>
            </param>
            <param index="1">
              <value>
                <![CDATA["Search and place order for product"]]>
              </value>
            </param>
          </params>
          <reporter-output>
          </reporter-output>
        </test-method> <!-- runScenario -->
        <test-method signature="runScenario(io.cucumber.testng.PickleWrapper,io.cucumber.testng.FeatureWrapper)[pri:0, instance:Runner.VegetableRunner@1ce24091]" started-at="2024-04-24T16:23:29 IST" name="runScenario" description="Runs Cucumber Scenarios" data-provider="scenarios" finished-at="2024-04-24T16:23:35 IST" duration-ms="6401" status="PASS">
          <params>
            <param index="0">
              <value>
                <![CDATA["Test add to cart functionality"]]>
              </value>
            </param>
            <param index="1">
              <value>
                <![CDATA["Search and place order for product"]]>
              </value>
            </param>
          </params>
          <reporter-output>
          </reporter-output>
        </test-method> <!-- runScenario -->
        <test-method is-config="true" signature="tearDownClass()[pri:0, instance:Runner.VegetableRunner@1ce24091]" started-at="2024-04-24T16:23:35 IST" name="tearDownClass" finished-at="2024-04-24T16:23:36 IST" duration-ms="44" status="PASS">
          <reporter-output>
          </reporter-output>
        </test-method> <!-- tearDownClass -->
      </class> <!-- Runner.VegetableRunner -->
    </test> <!-- Default test -->
  </suite> <!-- Default suite -->
</testng-results>
